#
# There is insufficient memory for the Java Runtime Environment to continue.
# Native memory allocation (mmap) failed to map 132120576 bytes for G1 virtual space
# Possible reasons:
#   The system is out of physical RAM or swap space
#   The process is running with CompressedOops enabled, and the Java Heap may be blocking the growth of the native heap
# Possible solutions:
#   Reduce memory load on the system
#   Increase physical memory or swap space
#   Check if swap backing store is full
#   Decrease Java heap size (-Xmx/-Xms)
#   Decrease number of Java threads
#   Decrease Java thread stack sizes (-Xss)
#   Set larger code cache with -XX:ReservedCodeCacheSize=
#   JVM is running with Unscaled Compressed Oops mode in which the Java heap is
#     placed in the first 4GB address space. The Java Heap base address is the
#     maximum limit for the native heap growth. Please use -XX:HeapBaseMinAddress
#     to set the Java Heap base and to place the Java Heap above 4GB virtual address.
# This output file may be truncated or incomplete.
#
#  Out of Memory Error (os_windows.cpp:3469), pid=5140, tid=27484
#
# JRE version:  (17.0.1+12) (build )
# Java VM: Java HotSpot(TM) 64-Bit Server VM (17.0.1+12-LTS-39, mixed mode, sharing, tiered, compressed oops, compressed class ptrs, g1 gc, windows-amd64)
# No core dump will be written. Minidumps are not enabled by default on client versions of Windows
#

---------------  S U M M A R Y ------------

Command Line: -Dfile.encoding=Cp1252 -XX:+ShowCodeDetailsInExceptionMessages com.ems.Print

Host: Intel(R) Core(TM) i3-1005G1 CPU @ 1.20GHz, 4 cores, 7G,  Windows 10 , 64 bit Build 22000 (10.0.22000.434)
Time: Sat Feb 26 19:19:30 2022 India Standard Time elapsed time: 0.020148 seconds (0d 0h 0m 0s)

---------------  T H R E A D  ---------------

Current thread (0x000002561b47b0b0):  JavaThread "Unknown thread" [_thread_in_vm, id=27484, stack(0x000000a384700000,0x000000a384800000)]

Stack: [0x000000a384700000,0x000000a384800000]
Native frames: (J=compiled Java code, j=interpreted, Vv=VM code, C=native code)
V  [jvm.dll+0x66fa1a]
V  [jvm.dll+0x7ce5a4]
V  [jvm.dll+0x7cfd4e]
V  [jvm.dll+0x7d03b3]
V  [jvm.dll+0x242b05]
V  [jvm.dll+0x66ca39]
V  [jvm.dll+0x661502]
V  [jvm.dll+0x30081b]
V  [jvm.dll+0x307da6]
V  [jvm.dll+0x357a1e]
V  [jvm.dll+0x357c4f]
V  [jvm.dll+0x2d7ad8]
V  [jvm.dll+0x2d8a44]
V  [jvm.dll+0x7a01e1]
V  [jvm.dll+0x365791]
V  [jvm.dll+0x77f6cc]
V  [jvm.dll+0x3e812f]
V  [jvm.dll+0x3e9bd1]
C  [jli.dll+0x527b]
C  [ucrtbase.dll+0x26c0c]
C  [KERNEL32.DLL+0x154e0]
C  [ntdll.dll+0x485b]


---------------  P R O C E S S  ---------------

Threads class SMR info:
_java_thread_list=0x00007ffb21867818, length=0, elements={
}

Java Threads: ( => current thread )

Other Threads:
  0x000002561b4ba670 GCTaskThread "GC Thread#0" [stack: 0x000000a384800000,0x000000a384900000] [id=29436]
  0x000002561b4cb610 ConcurrentGCThread "G1 Main Marker" [stack: 0x000000a384900000,0x000000a384a00000] [id=7852]
  0x000002561b4cc020 ConcurrentGCThread "G1 Conc#0" [stack: 0x000000a384a00000,0x000000a384b00000] [id=19872]

[error occurred during error reporting (printing all threads), id 0xc0000005, EXCEPTION_ACCESS_VIOLATION (0xc0000005) at pc=0x00007ffb210b84b7]

VM state: not at safepoint (not fully initialized)

VM Mutex/Monitor currently owned by a thread:  ([mutex/lock_event])
[0x000002561b476b90] Heap_lock - owner thread: 0x000002561b47b0b0

Heap address: 0x0000000083a00000, size: 1990 MB, Compressed Oops mode: 32-bit

CDS archive(s) mapped at: [0x0000000000000000-0x0000000000000000-0x0000000000000000), size 0, SharedBaseAddress: 0x0000000800000000, ArchiveRelocationMode: 0.
Narrow klass base: 0x0000000000000000, Narrow klass shift: 0, Narrow klass range: 0x0

GC Precious Log:
<Empty>

Heap:
 garbage-first heap   total 0K, used 0K [0x0000000083a00000, 0x0000000100000000)
  region size 1024K, 0 young (0K), 0 survivors (0K)

[error occurred during error reporting (printing heap information), id 0xc0000005, EXCEPTION_ACCESS_VIOLATION (0xc0000005) at pc=0x00007ffb21498d89]

GC Heap History (0 events):
No events

Deoptimization events (0 events):
No events

Classes unloaded (0 events):
No events

Classes redefined (0 events):
No events

Internal exceptions (0 events):
No events

VM Operations (0 events):
No events

Events (1 events):
Event: 0.015 Loaded shared library C:\Program Files\Java\jdk-17.0.1\bin\java.dll


Dynamic libraries:
0x00007ff75c6f0000 - 0x00007ff75c700000 	C:\Program Files\Java\jdk-17.0.1\bin\javaw.exe
0x00007ffbd1c00000 - 0x00007ffbd1e09000 	C:\Windows\SYSTEM32\ntdll.dll
0x00007ffbcfed0000 - 0x00007ffbcff8d000 	C:\Windows\System32\KERNEL32.DLL
0x00007ffbcf5d0000 - 0x00007ffbcf944000 	C:\Windows\System32\KERNELBASE.dll
0x00007ffbcf160000 - 0x00007ffbcf271000 	C:\Windows\System32\ucrtbase.dll
0x00007ffba0020000 - 0x00007ffba0038000 	C:\Program Files\Java\jdk-17.0.1\bin\jli.dll
0x00007ffbd1980000 - 0x00007ffbd1a2e000 	C:\Windows\System32\ADVAPI32.dll
0x00007ffbd1640000 - 0x00007ffbd16e3000 	C:\Windows\System32\msvcrt.dll
0x00007ffbd0fe0000 - 0x00007ffbd107e000 	C:\Windows\System32\sechost.dll
0x00007ffbd09d0000 - 0x00007ffbd0af0000 	C:\Windows\System32\RPCRT4.dll
0x00007ffbd1720000 - 0x00007ffbd18cc000 	C:\Windows\System32\USER32.dll
0x00007ffbcf950000 - 0x00007ffbcf976000 	C:\Windows\System32\win32u.dll
0x00007ffbd16f0000 - 0x00007ffbd1719000 	C:\Windows\System32\GDI32.dll
0x00007ffbcf980000 - 0x00007ffbcfa92000 	C:\Windows\System32\gdi32full.dll
0x00007ffbcf470000 - 0x00007ffbcf50d000 	C:\Windows\System32\msvcp_win.dll
0x00007ffbaffa0000 - 0x00007ffbaffba000 	C:\Program Files\Java\jdk-17.0.1\bin\VCRUNTIME140.dll
0x00007ffbbaa90000 - 0x00007ffbbad35000 	C:\Windows\WinSxS\amd64_microsoft.windows.common-controls_6595b64144ccf1df_6.0.22000.120_none_9d947278b86cc467\COMCTL32.dll
0x00007ffbc83f0000 - 0x00007ffbc83fa000 	C:\Windows\SYSTEM32\VERSION.dll
0x00007ffbd18d0000 - 0x00007ffbd1901000 	C:\Windows\System32\IMM32.DLL
0x00007ffbc0c30000 - 0x00007ffbc0c3c000 	C:\Program Files\Java\jdk-17.0.1\bin\vcruntime140_1.dll
0x00007ffb5b5c0000 - 0x00007ffb5b64d000 	C:\Program Files\Java\jdk-17.0.1\bin\msvcp140.dll
0x00007ffb20dd0000 - 0x00007ffb2198e000 	C:\Program Files\Java\jdk-17.0.1\bin\server\jvm.dll
0x00007ffbd0b00000 - 0x00007ffbd0b08000 	C:\Windows\System32\PSAPI.DLL
0x00007ffbc0b80000 - 0x00007ffbc0b89000 	C:\Windows\SYSTEM32\WSOCK32.dll
0x00007ffbd0870000 - 0x00007ffbd08df000 	C:\Windows\System32\WS2_32.dll
0x00007ffbc8ae0000 - 0x00007ffbc8b13000 	C:\Windows\SYSTEM32\WINMM.dll
0x00007ffbce1f0000 - 0x00007ffbce208000 	C:\Windows\SYSTEM32\kernel.appcore.dll
0x00007ffbbf2c0000 - 0x00007ffbbf2ca000 	C:\Program Files\Java\jdk-17.0.1\bin\jimage.dll
0x00007ffbccb80000 - 0x00007ffbccda1000 	C:\Windows\SYSTEM32\DBGHELP.DLL
0x00007ffbb7630000 - 0x00007ffbb7661000 	C:\Windows\SYSTEM32\dbgcore.DLL
0x00007ffbcf3f0000 - 0x00007ffbcf46f000 	C:\Windows\System32\bcryptPrimitives.dll
0x00007ffb9fff0000 - 0x00007ffba0015000 	C:\Program Files\Java\jdk-17.0.1\bin\java.dll

dbghelp: loaded successfully - version: 4.0.5 - missing functions: none
symbol engine: initialized successfully - sym options: 0x614 - pdb path: .;C:\Program Files\Java\jdk-17.0.1\bin;C:\Windows\SYSTEM32;C:\Windows\WinSxS\amd64_microsoft.windows.common-controls_6595b64144ccf1df_6.0.22000.120_none_9d947278b86cc467;C:\Program Files\Java\jdk-17.0.1\bin\server

VM Arguments:
jvm_args: -Dfile.encoding=Cp1252 -XX:+ShowCodeDetailsInExceptionMessages 
java_command: com.ems.Print
java_class_path (initial): C:\Users\dell_\eclipse-workspace\MiniProjectII\bin;C:\Users\dell_\mysql-connector-java-8.0.27.jar
Launcher Type: SUN_STANDARD

[Global flags]
     intx CICompilerCount                          = 3                                         {product} {ergonomic}
     uint ConcGCThreads                            = 1                                         {product} {ergonomic}
     uint G1ConcRefinementThreads                  = 4                                         {product} {ergonomic}
   size_t G1HeapRegionSize                         = 1048576                                   {product} {ergonomic}
    uintx GCDrainStackTargetSize                   = 64                                        {product} {ergonomic}
   size_t InitialHeapSize                          = 132120576                                 {product} {ergonomic}
   size_t MarkStackSize                            = 4194304                                   {product} {ergonomic}
   size_t MaxHeapSize                              = 2086666240                                {product} {ergonomic}
   size_t MinHeapDeltaBytes                        = 1048576                                   {product} {ergonomic}
   size_t MinHeapSize                              = 8388608                                   {product} {ergonomic}
    uintx NonNMethodCodeHeapSize                   = 5832780                                {pd product} {ergonomic}
    uintx NonProfiledCodeHeapSize                  = 122912730                              {pd product} {ergonomic}
    uintx ProfiledCodeHeapSize                     = 122912730                              {pd product} {ergonomic}
    uintx ReservedCodeCacheSize                    = 251658240                              {pd product} {ergonomic}
     bool SegmentedCodeCache                       = true                                      {product} {ergonomic}
     bool ShowCodeDetailsInExceptionMessages       = true                                   {manageable} {command line}
   size_t SoftMaxHeapSize                          = 2086666240                             {manageable} {ergonomic}
     bool UseCompressedClassPointers               = true                           {product lp64_product} {ergonomic}
     bool UseCompressedOops                        = true                           {product lp64_product} {ergonomic}
     bool UseG1GC                                  = true                                      {product} {ergonomic}
     bool UseLargePagesIndividualAllocation        = false                                  {pd product} {ergonomic}

Logging:
Log output configuration:
 #0: stdout all=warning uptime,level,tags
 #1: stderr all=off uptime,level,tags

Environment Variables:
PATH=C:\Program Files\Common Files\Oracle\Java\javapath;C:\Windows\system32;C:\Windows;C:\Windows\System32\Wbem;C:\Windows\System32\WindowsPowerShell\v1.0\;C:\Windows\System32\OpenSSH\;C:\Program Files\nodejs\;C:\Program Files\Java\jdk-17.0.1\bin;C:\Program Files\MySQL\MySQL Shell 8.0\bin\;C:\Users\dell_\AppData\Local\Microsoft\WindowsApps;C:\Users\dell_\AppData\Local\Programs\Microsoft VS Code\bin;C:\Users\dell_\AppData\Roaming\npm;C:\Users\dell_\AppData\Local\GitHubDesktop\bin;C:\Program Files\Java\jdk-17.0.1\bin;
USERNAME=MyLAPTOP
OS=Windows_NT
PROCESSOR_IDENTIFIER=Intel64 Family 6 Model 126 Stepping 5, GenuineIntel



---------------  S Y S T E M  ---------------

OS:
 Windows 10 , 64 bit Build 22000 (10.0.22000.434)
OS uptime: 14 days 2:58 hours

CPU: total 4 (initial active 4) (2 cores per cpu, 2 threads per core) family 6 model 126 stepping 5 microcode 0xa6, cx8, cmov, fxsr, ht, mmx, 3dnowpref, sse, sse2, sse3, ssse3, sse4.1, sse4.2, popcnt, lzcnt, tsc, tscinvbit, avx, avx2, aes, erms, clmul, bmi1, bmi2, adx, avx512f, avx512dq, avx512cd, avx512bw, avx512vl, sha, fma, vzeroupper, avx512_vpopcntdq, avx512_vpclmulqdq, avx512_vaes, avx512_vnni, clflush, clflushopt, avx512_vbmi2, avx512_vbmi

Memory: 4k page, system-wide physical 7958M (333M free)
TotalPageFile size 32534M (AvailPageFile size 75M)
current process WorkingSet (physical memory assigned to process): 10M, peak: 10M
current process commit charge ("private bytes"): 51M, peak: 177M

vm_info: Java HotSpot(TM) 64-Bit Server VM (17.0.1+12-LTS-39) for windows-amd64 JRE (17.0.1+12-LTS-39), built on Sep 27 2021 18:41:35 by "mach5one" with MS VC++ 16.8 (VS2019)

END.
